Build started 4/4/2018 3:02:01 AM.
     1>Project "C:\school\Game Programming\CS3113_HW\HW5\NYUCodebase\NYUCodebase.vcxproj" on node 2 (Build target(s)).
     1>ClCompile:
         C:\Program Files (x86)\Microsoft Visual Studio 12.0\VC\bin\CL.exe /c /IC:\SDL2\include /IC:\SDL2_image\include /IC:\glew\include /IC:\SDL2_mixer\include /ZI /nologo /W3 /WX- /sdl /Od /Oy- /D _WINDOWS /D _MBCS /D _MBCS /Gm /EHsc /RTC1 /MDd /GS /fp:precise /Zc:wchar_t /Zc:forScope /Fo"Debug\\" /Fd"Debug\vc120.pdb" /Gd /TP /analyze- /errorReport:prompt main.cpp
         main.cpp
     1>c:\school\game programming\cs3113_hw\hw5\nyucodebase\main.cpp(37): warning C4305: 'initializing' : truncation from 'double' to 'float'
     1>c:\school\game programming\cs3113_hw\hw5\nyucodebase\main.cpp(38): warning C4305: 'initializing' : truncation from 'double' to 'float'
     1>c:\school\game programming\cs3113_hw\hw5\nyucodebase\main.cpp(69): warning C4244: '=' : conversion from 'int' to 'float', possible loss of data
     1>c:\school\game programming\cs3113_hw\hw5\nyucodebase\main.cpp(70): warning C4244: '=' : conversion from 'int' to 'float', possible loss of data
     1>c:\school\game programming\cs3113_hw\hw5\nyucodebase\main.cpp(103): warning C4018: '<' : signed/unsigned mismatch
     1>c:\school\game programming\cs3113_hw\hw5\nyucodebase\main.cpp(201): warning C4244: '=' : conversion from 'int' to 'float', possible loss of data
     1>c:\school\game programming\cs3113_hw\hw5\nyucodebase\main.cpp(202): warning C4244: '=' : conversion from 'int' to 'float', possible loss of data
     1>c:\school\game programming\cs3113_hw\hw5\nyucodebase\main.cpp(210): warning C4244: '=' : conversion from 'int' to 'float', possible loss of data
     1>c:\school\game programming\cs3113_hw\hw5\nyucodebase\main.cpp(394): warning C4305: 'initializing' : truncation from 'double' to 'float'
     1>c:\school\game programming\cs3113_hw\hw5\nyucodebase\main.cpp(421): warning C4018: '>=' : signed/unsigned mismatch
     1>c:\school\game programming\cs3113_hw\hw5\nyucodebase\main.cpp(436): warning C4018: '<' : signed/unsigned mismatch
     1>c:\school\game programming\cs3113_hw\hw5\nyucodebase\main.cpp(452): warning C4244: 'return' : conversion from 'double' to 'float', possible loss of data
     1>c:\school\game programming\cs3113_hw\hw5\nyucodebase\main.cpp(456): warning C4244: 'return' : conversion from 'double' to 'float', possible loss of data
     1>c:\school\game programming\cs3113_hw\hw5\nyucodebase\main.cpp(543): warning C4305: 'initializing' : truncation from 'double' to 'float'
     1>c:\school\game programming\cs3113_hw\hw5\nyucodebase\main.cpp(710): warning C4018: '<' : signed/unsigned mismatch
     1>c:\school\game programming\cs3113_hw\hw5\nyucodebase\main.cpp(1041): warning C4305: 'argument' : truncation from 'double' to 'float'
     1>c:\school\game programming\cs3113_hw\hw5\nyucodebase\main.cpp(1042): warning C4305: 'argument' : truncation from 'double' to 'float'
     1>c:\school\game programming\cs3113_hw\hw5\nyucodebase\main.cpp(1134): warning C4305: 'initializing' : truncation from 'double' to 'float'
     1>c:\school\game programming\cs3113_hw\hw5\nyucodebase\main.cpp(1172): warning C4305: 'argument' : truncation from 'double' to 'float'
     1>c:\school\game programming\cs3113_hw\hw5\nyucodebase\main.cpp(1173): warning C4305: 'argument' : truncation from 'double' to 'float'
     1>c:\school\game programming\cs3113_hw\hw5\nyucodebase\main.cpp(1199): warning C4018: '<' : signed/unsigned mismatch
     1>c:\school\game programming\cs3113_hw\hw5\nyucodebase\main.cpp(1203): warning C4018: '<' : signed/unsigned mismatch
     1>c:\school\game programming\cs3113_hw\hw5\nyucodebase\main.cpp(1247): warning C4018: '<' : signed/unsigned mismatch
     1>c:\school\game programming\cs3113_hw\hw5\nyucodebase\main.cpp(1271): warning C4018: '<' : signed/unsigned mismatch
     1>c:\school\game programming\cs3113_hw\hw5\nyucodebase\main.cpp(1275): warning C4305: 'argument' : truncation from 'double' to 'float'
     1>c:\school\game programming\cs3113_hw\hw5\nyucodebase\main.cpp(1304): warning C4018: '<' : signed/unsigned mismatch
     1>c:\school\game programming\cs3113_hw\hw5\nyucodebase\main.cpp(1308): warning C4018: '<' : signed/unsigned mismatch
     1>c:\school\game programming\cs3113_hw\hw5\nyucodebase\main.cpp(1309): warning C4018: '<' : signed/unsigned mismatch
     1>c:\school\game programming\cs3113_hw\hw5\nyucodebase\main.cpp(1319): warning C4018: '<' : signed/unsigned mismatch
     1>c:\school\game programming\cs3113_hw\hw5\nyucodebase\main.cpp(1325): warning C4018: '<' : signed/unsigned mismatch
     1>c:\school\game programming\cs3113_hw\hw5\nyucodebase\main.cpp(1348): warning C4018: '<' : signed/unsigned mismatch
     1>c:\school\game programming\cs3113_hw\hw5\nyucodebase\main.cpp(1437): warning C4305: 'argument' : truncation from 'double' to 'float'
     1>c:\school\game programming\cs3113_hw\hw5\nyucodebase\main.cpp(1441): warning C4305: 'argument' : truncation from 'double' to 'float'
       Link:
         C:\Program Files (x86)\Microsoft Visual Studio 12.0\VC\bin\link.exe /ERRORREPORT:PROMPT /OUT:"C:\school\Game Programming\CS3113_HW\HW5\Debug\NYUCodebase.exe" /INCREMENTAL /NOLOGO /LIBPATH:C:\SDL2_mixer\lib\x86 /LIBPATH:C:\SDL2\lib\x86 /LIBPATH:C:\SDL2_image\lib\x86 /LIBPATH:C:\glew\lib\Release\Win32 SDL2.lib SDL2_mixer.lib glew32.lib SDL2main.lib SDL2_image.lib OpenGL32.lib /MANIFEST /MANIFESTUAC:"level='asInvoker' uiAccess='false'" /manifest:embed /DEBUG /PDB:"C:\school\Game Programming\CS3113_HW\HW5\Debug\NYUCodebase.pdb" /SUBSYSTEM:CONSOLE /TLBID:1 /DYNAMICBASE /NXCOMPAT /IMPLIB:"C:\school\Game Programming\CS3113_HW\HW5\Debug\NYUCodebase.lib" /MACHINE:X86 Debug\FlareMap.obj
         Debug\main.obj
         Debug\Matrix.obj
         Debug\SatCollision.obj
         Debug\ShaderProgram.obj
         NYUCodebase.vcxproj -> C:\school\Game Programming\CS3113_HW\HW5\Debug\NYUCodebase.exe
     1>Done Building Project "C:\school\Game Programming\CS3113_HW\HW5\NYUCodebase\NYUCodebase.vcxproj" (Build target(s)).

Build succeeded.

Time Elapsed 00:00:01.22
