Build started 5/9/2018 5:15:44 PM.
     1>Project "C:\school\Game Programming\CS3113_HW\Final\NYUCodebase\NYUCodebase.vcxproj" on node 2 (Build target(s)).
     1>ClCompile:
         C:\Program Files (x86)\Microsoft Visual Studio 12.0\VC\bin\CL.exe /c /IC:\SDL2\include /IC:\SDL2_image\include /IC:\glew\include /IC:\SDL2_mixer\include /ZI /nologo /W3 /WX- /sdl /Od /Oy- /D _WINDOWS /D _MBCS /D _MBCS /Gm /EHsc /RTC1 /MDd /GS /fp:precise /Zc:wchar_t /Zc:forScope /Fo"Debug\\" /Fd"Debug\vc120.pdb" /Gd /TP /analyze- /errorReport:prompt main.cpp
         main.cpp
     1>c:\school\game programming\cs3113_hw\final\nyucodebase\main.cpp(27): warning C4067: unexpected tokens following preprocessor directive - expected a newline
     1>c:\school\game programming\cs3113_hw\final\nyucodebase\main.cpp(28): warning C4067: unexpected tokens following preprocessor directive - expected a newline
     1>c:\school\game programming\cs3113_hw\final\nyucodebase\gameobject.h(13): warning C4067: unexpected tokens following preprocessor directive - expected a newline
     1>c:\school\game programming\cs3113_hw\final\nyucodebase\gameobject.h(14): warning C4067: unexpected tokens following preprocessor directive - expected a newline
     1>c:\school\game programming\cs3113_hw\final\nyucodebase\gameobject.h(16): warning C4067: unexpected tokens following preprocessor directive - expected a newline
     1>c:\school\game programming\cs3113_hw\final\nyucodebase\helper.h(17): warning C4244: 'return' : conversion from 'double' to 'float', possible loss of data
     1>c:\school\game programming\cs3113_hw\final\nyucodebase\helper.h(21): warning C4244: 'return' : conversion from 'double' to 'float', possible loss of data
     1>c:\school\game programming\cs3113_hw\final\nyucodebase\gameobject.h(19): warning C4067: unexpected tokens following preprocessor directive - expected a newline
     1>c:\school\game programming\cs3113_hw\final\nyucodebase\app.h(22): warning C4067: unexpected tokens following preprocessor directive - expected a newline
     1>c:\school\game programming\cs3113_hw\final\nyucodebase\app.h(23): warning C4067: unexpected tokens following preprocessor directive - expected a newline
     1>c:\school\game programming\cs3113_hw\final\nyucodebase\app.h(42): warning C4305: 'initializing' : truncation from 'double' to 'float'
     1>c:\school\game programming\cs3113_hw\final\nyucodebase\app.h(43): warning C4305: 'initializing' : truncation from 'double' to 'float'
     1>c:\school\game programming\cs3113_hw\final\nyucodebase\gameobject.h(20): warning C4067: unexpected tokens following preprocessor directive - expected a newline
     1>c:\school\game programming\cs3113_hw\final\nyucodebase\animation.h(20): warning C4067: unexpected tokens following preprocessor directive - expected a newline
     1>c:\school\game programming\cs3113_hw\final\nyucodebase\sprite.h(14): warning C4067: unexpected tokens following preprocessor directive - expected a newline
     1>c:\school\game programming\cs3113_hw\final\nyucodebase\animation.h(27): warning C4305: 'initializing' : truncation from 'double' to 'float'
     1>c:\school\game programming\cs3113_hw\final\nyucodebase\gameobject.h(28): warning C4305: 'initializing' : truncation from 'double' to 'float'
     1>c:\school\game programming\cs3113_hw\final\nyucodebase\main.cpp(29): warning C4067: unexpected tokens following preprocessor directive - expected a newline
     1>c:\school\game programming\cs3113_hw\final\nyucodebase\main.cpp(30): warning C4067: unexpected tokens following preprocessor directive - expected a newline
     1>c:\school\game programming\cs3113_hw\final\nyucodebase\main.cpp(31): warning C4067: unexpected tokens following preprocessor directive - expected a newline
     1>c:\school\game programming\cs3113_hw\final\nyucodebase\main.cpp(32): warning C4067: unexpected tokens following preprocessor directive - expected a newline
     1>c:\school\game programming\cs3113_hw\final\nyucodebase\main.cpp(33): warning C4067: unexpected tokens following preprocessor directive - expected a newline
     1>c:\school\game programming\cs3113_hw\final\nyucodebase\main.cpp(88): warning C4305: 'argument' : truncation from 'double' to 'float'
     1>c:\school\game programming\cs3113_hw\final\nyucodebase\main.cpp(89): warning C4305: 'argument' : truncation from 'double' to 'float'
     1>c:\school\game programming\cs3113_hw\final\nyucodebase\main.cpp(90): warning C4305: 'argument' : truncation from 'double' to 'float'
     1>c:\school\game programming\cs3113_hw\final\nyucodebase\main.cpp(92): warning C4305: 'argument' : truncation from 'double' to 'float'
     1>c:\school\game programming\cs3113_hw\final\nyucodebase\main.cpp(230): warning C4305: 'argument' : truncation from 'double' to 'float'
     1>c:\school\game programming\cs3113_hw\final\nyucodebase\main.cpp(238): warning C4305: '=' : truncation from 'double' to 'float'
     1>c:\school\game programming\cs3113_hw\final\nyucodebase\main.cpp(277): warning C4305: 'initializing' : truncation from 'double' to 'float'
     1>c:\school\game programming\cs3113_hw\final\nyucodebase\main.cpp(301): warning C4305: '=' : truncation from 'double' to 'float'
     1>c:\school\game programming\cs3113_hw\final\nyucodebase\main.cpp(376): warning C4018: '<' : signed/unsigned mismatch
     1>c:\school\game programming\cs3113_hw\final\nyucodebase\main.cpp(387): warning C4018: '<' : signed/unsigned mismatch
     1>c:\school\game programming\cs3113_hw\final\nyucodebase\main.cpp(408): warning C4305: 'argument' : truncation from 'double' to 'float'
     1>c:\school\game programming\cs3113_hw\final\nyucodebase\main.cpp(428): warning C4305: 'argument' : truncation from 'double' to 'float'
     1>c:\school\game programming\cs3113_hw\final\nyucodebase\main.cpp(458): warning C4305: 'argument' : truncation from 'double' to 'float'
     1>c:\school\game programming\cs3113_hw\final\nyucodebase\main.cpp(501): warning C4018: '<' : signed/unsigned mismatch
     1>c:\school\game programming\cs3113_hw\final\nyucodebase\main.cpp(507): warning C4018: '<' : signed/unsigned mismatch
     1>c:\school\game programming\cs3113_hw\final\nyucodebase\main.cpp(527): warning C4018: '<' : signed/unsigned mismatch
     1>c:\school\game programming\cs3113_hw\final\nyucodebase\main.cpp(531): warning C4018: '<' : signed/unsigned mismatch
     1>c:\school\game programming\cs3113_hw\final\nyucodebase\main.cpp(584): warning C4018: '<' : signed/unsigned mismatch
     1>c:\school\game programming\cs3113_hw\final\nyucodebase\main.cpp(589): warning C4018: '<' : signed/unsigned mismatch
     1>c:\school\game programming\cs3113_hw\final\nyucodebase\main.cpp(607): warning C4018: '<' : signed/unsigned mismatch
     1>c:\school\game programming\cs3113_hw\final\nyucodebase\main.cpp(612): warning C4018: '<' : signed/unsigned mismatch
     1>c:\school\game programming\cs3113_hw\final\nyucodebase\main.cpp(642): warning C4018: '>=' : signed/unsigned mismatch
     1>c:\school\game programming\cs3113_hw\final\nyucodebase\main.cpp(671): warning C4018: '<' : signed/unsigned mismatch
     1>c:\school\game programming\cs3113_hw\final\nyucodebase\main.cpp(677): warning C4018: '<' : signed/unsigned mismatch
     1>c:\school\game programming\cs3113_hw\final\nyucodebase\main.cpp(681): warning C4018: '<' : signed/unsigned mismatch
     1>c:\school\game programming\cs3113_hw\final\nyucodebase\main.cpp(686): warning C4018: '<' : signed/unsigned mismatch
     1>c:\school\game programming\cs3113_hw\final\nyucodebase\main.cpp(746): warning C4244: 'initializing' : conversion from 'float' to 'int', possible loss of data
     1>c:\school\game programming\cs3113_hw\final\nyucodebase\main.cpp(747): warning C4244: 'initializing' : conversion from 'float' to 'int', possible loss of data
     1>c:\school\game programming\cs3113_hw\final\nyucodebase\main.cpp(848): warning C4018: '<' : signed/unsigned mismatch
     1>c:\school\game programming\cs3113_hw\final\nyucodebase\main.cpp(856): warning C4018: '<' : signed/unsigned mismatch
     1>c:\school\game programming\cs3113_hw\final\nyucodebase\main.cpp(860): warning C4018: '<' : signed/unsigned mismatch
     1>c:\school\game programming\cs3113_hw\final\nyucodebase\main.cpp(997): warning C4305: 'argument' : truncation from 'double' to 'float'
     1>c:\school\game programming\cs3113_hw\final\nyucodebase\main.cpp(1002): warning C4305: 'argument' : truncation from 'double' to 'float'
       Link:
         C:\Program Files (x86)\Microsoft Visual Studio 12.0\VC\bin\link.exe /ERRORREPORT:PROMPT /OUT:"C:\school\Game Programming\CS3113_HW\Final\Debug\NYUCodebase.exe" /INCREMENTAL /NOLOGO /LIBPATH:C:\SDL2_mixer\lib\x86 /LIBPATH:C:\SDL2\lib\x86 /LIBPATH:C:\SDL2_image\lib\x86 /LIBPATH:C:\glew\lib\Release\Win32 SDL2.lib SDL2_mixer.lib glew32.lib SDL2main.lib SDL2_image.lib OpenGL32.lib /MANIFEST /MANIFESTUAC:"level='asInvoker' uiAccess='false'" /manifest:embed /DEBUG /PDB:"C:\school\Game Programming\CS3113_HW\Final\Debug\NYUCodebase.pdb" /SUBSYSTEM:CONSOLE /TLBID:1 /DYNAMICBASE /NXCOMPAT /IMPLIB:"C:\school\Game Programming\CS3113_HW\Final\Debug\NYUCodebase.lib" /MACHINE:X86 Debug\Animation.obj
         Debug\App.obj
         Debug\FlareMap.obj
         Debug\GameObject.obj
         Debug\GroundSpikeScript.obj
         Debug\main.obj
         Debug\Matrix.obj
         Debug\Script.obj
         Debug\ShaderProgram.obj
         Debug\Sprite.obj
         Debug\Vector3.obj
         NYUCodebase.vcxproj -> C:\school\Game Programming\CS3113_HW\Final\Debug\NYUCodebase.exe
     1>Done Building Project "C:\school\Game Programming\CS3113_HW\Final\NYUCodebase\NYUCodebase.vcxproj" (Build target(s)).

Build succeeded.

Time Elapsed 00:00:01.54
