Build started 3/28/2018 6:11:54 AM.
     1>Project "C:\school\Game Programming\CS3113_HW\HW4\NYUCodebase\NYUCodebase.vcxproj" on node 2 (Build target(s)).
     1>ClCompile:
         C:\Program Files (x86)\Microsoft Visual Studio 12.0\VC\bin\CL.exe /c /IC:\SDL2\include /IC:\SDL2_image\include /IC:\glew\include /IC:\SDL2_mixer\include /ZI /nologo /W3 /WX- /sdl /Od /Oy- /D _WINDOWS /D _MBCS /D _MBCS /Gm /EHsc /RTC1 /MDd /GS /fp:precise /Zc:wchar_t /Zc:forScope /Fo"Debug\\" /Fd"Debug\vc120.pdb" /Gd /TP /analyze- /errorReport:prompt main.cpp
         main.cpp
     1>c:\school\game programming\cs3113_hw\hw4\nyucodebase\main.cpp(36): warning C4305: 'initializing' : truncation from 'double' to 'float'
     1>c:\school\game programming\cs3113_hw\hw4\nyucodebase\main.cpp(37): warning C4305: 'initializing' : truncation from 'double' to 'float'
     1>c:\school\game programming\cs3113_hw\hw4\nyucodebase\main.cpp(68): warning C4244: '=' : conversion from 'int' to 'float', possible loss of data
     1>c:\school\game programming\cs3113_hw\hw4\nyucodebase\main.cpp(69): warning C4244: '=' : conversion from 'int' to 'float', possible loss of data
     1>c:\school\game programming\cs3113_hw\hw4\nyucodebase\main.cpp(102): warning C4018: '<' : signed/unsigned mismatch
     1>c:\school\game programming\cs3113_hw\hw4\nyucodebase\main.cpp(200): warning C4244: '=' : conversion from 'int' to 'float', possible loss of data
     1>c:\school\game programming\cs3113_hw\hw4\nyucodebase\main.cpp(201): warning C4244: '=' : conversion from 'int' to 'float', possible loss of data
     1>c:\school\game programming\cs3113_hw\hw4\nyucodebase\main.cpp(209): warning C4244: '=' : conversion from 'int' to 'float', possible loss of data
     1>c:\school\game programming\cs3113_hw\hw4\nyucodebase\main.cpp(390): warning C4305: 'initializing' : truncation from 'double' to 'float'
     1>c:\school\game programming\cs3113_hw\hw4\nyucodebase\main.cpp(417): warning C4018: '>=' : signed/unsigned mismatch
     1>c:\school\game programming\cs3113_hw\hw4\nyucodebase\main.cpp(432): warning C4018: '<' : signed/unsigned mismatch
     1>c:\school\game programming\cs3113_hw\hw4\nyucodebase\main.cpp(448): warning C4244: 'return' : conversion from 'double' to 'float', possible loss of data
     1>c:\school\game programming\cs3113_hw\hw4\nyucodebase\main.cpp(452): warning C4244: 'return' : conversion from 'double' to 'float', possible loss of data
     1>c:\school\game programming\cs3113_hw\hw4\nyucodebase\main.cpp(488): warning C4305: 'initializing' : truncation from 'double' to 'float'
     1>c:\school\game programming\cs3113_hw\hw4\nyucodebase\main.cpp(1068): warning C4305: 'argument' : truncation from 'double' to 'float'
     1>c:\school\game programming\cs3113_hw\hw4\nyucodebase\main.cpp(1069): warning C4305: 'argument' : truncation from 'double' to 'float'
     1>c:\school\game programming\cs3113_hw\hw4\nyucodebase\main.cpp(1174): warning C4305: 'argument' : truncation from 'double' to 'float'
     1>c:\school\game programming\cs3113_hw\hw4\nyucodebase\main.cpp(1175): warning C4305: 'argument' : truncation from 'double' to 'float'
     1>c:\school\game programming\cs3113_hw\hw4\nyucodebase\main.cpp(1268): warning C4305: 'initializing' : truncation from 'double' to 'float'
     1>c:\school\game programming\cs3113_hw\hw4\nyucodebase\main.cpp(1335): warning C4018: '<' : signed/unsigned mismatch
     1>c:\school\game programming\cs3113_hw\hw4\nyucodebase\main.cpp(1341): warning C4018: '<' : signed/unsigned mismatch
     1>c:\school\game programming\cs3113_hw\hw4\nyucodebase\main.cpp(1366): warning C4018: '<' : signed/unsigned mismatch
     1>c:\school\game programming\cs3113_hw\hw4\nyucodebase\main.cpp(1370): warning C4018: '<' : signed/unsigned mismatch
     1>c:\school\game programming\cs3113_hw\hw4\nyucodebase\main.cpp(1418): warning C4018: '<' : signed/unsigned mismatch
     1>c:\school\game programming\cs3113_hw\hw4\nyucodebase\main.cpp(1423): warning C4018: '<' : signed/unsigned mismatch
     1>c:\school\game programming\cs3113_hw\hw4\nyucodebase\main.cpp(1434): warning C4018: '<' : signed/unsigned mismatch
     1>c:\school\game programming\cs3113_hw\hw4\nyucodebase\main.cpp(1461): warning C4018: '<' : signed/unsigned mismatch
     1>c:\school\game programming\cs3113_hw\hw4\nyucodebase\main.cpp(1465): warning C4018: '<' : signed/unsigned mismatch
     1>c:\school\game programming\cs3113_hw\hw4\nyucodebase\main.cpp(1477): warning C4305: 'argument' : truncation from 'double' to 'float'
     1>c:\school\game programming\cs3113_hw\hw4\nyucodebase\main.cpp(1478): warning C4305: 'argument' : truncation from 'double' to 'float'
     1>c:\school\game programming\cs3113_hw\hw4\nyucodebase\main.cpp(1514): warning C4244: 'initializing' : conversion from 'float' to 'int', possible loss of data
     1>c:\school\game programming\cs3113_hw\hw4\nyucodebase\main.cpp(1515): warning C4244: 'initializing' : conversion from 'float' to 'int', possible loss of data
     1>c:\school\game programming\cs3113_hw\hw4\nyucodebase\main.cpp(1565): warning C4018: '<' : signed/unsigned mismatch
     1>c:\school\game programming\cs3113_hw\hw4\nyucodebase\main.cpp(1569): warning C4018: '<' : signed/unsigned mismatch
     1>c:\school\game programming\cs3113_hw\hw4\nyucodebase\main.cpp(1674): warning C4305: 'argument' : truncation from 'double' to 'float'
     1>c:\school\game programming\cs3113_hw\hw4\nyucodebase\main.cpp(1678): warning C4305: 'argument' : truncation from 'double' to 'float'
       Link:
         C:\Program Files (x86)\Microsoft Visual Studio 12.0\VC\bin\link.exe /ERRORREPORT:PROMPT /OUT:"C:\school\Game Programming\CS3113_HW\HW4\Debug\NYUCodebase.exe" /INCREMENTAL /NOLOGO /LIBPATH:C:\SDL2_mixer\lib\x86 /LIBPATH:C:\SDL2\lib\x86 /LIBPATH:C:\SDL2_image\lib\x86 /LIBPATH:C:\glew\lib\Release\Win32 SDL2.lib SDL2_mixer.lib glew32.lib SDL2main.lib SDL2_image.lib OpenGL32.lib /MANIFEST /MANIFESTUAC:"level='asInvoker' uiAccess='false'" /manifest:embed /DEBUG /PDB:"C:\school\Game Programming\CS3113_HW\HW4\Debug\NYUCodebase.pdb" /SUBSYSTEM:CONSOLE /TLBID:1 /DYNAMICBASE /NXCOMPAT /IMPLIB:"C:\school\Game Programming\CS3113_HW\HW4\Debug\NYUCodebase.lib" /MACHINE:X86 Debug\FlareMap.obj
         Debug\main.obj
         Debug\Matrix.obj
         Debug\ShaderProgram.obj
         NYUCodebase.vcxproj -> C:\school\Game Programming\CS3113_HW\HW4\Debug\NYUCodebase.exe
     1>Done Building Project "C:\school\Game Programming\CS3113_HW\HW4\NYUCodebase\NYUCodebase.vcxproj" (Build target(s)).

Build succeeded.

Time Elapsed 00:00:01.23
